  BankSystem.cpp
C:\Users\NOBEL\Desktop\BankSystem\clsString.h(43,25): warning C4267: 'return': conversion from 'size_t' to 'short', possible loss of data
C:\Users\NOBEL\Desktop\BankSystem\clsString.h(48,29): warning C4267: 'return': conversion from 'size_t' to 'short', possible loss of data
C:\Users\NOBEL\Desktop\BankSystem\clsString.h(60,30): warning C4267: '=': conversion from 'size_t' to 'short', possible loss of data
C:\Users\NOBEL\Desktop\BankSystem\clsString.h(197,29): warning C4267: 'return': conversion from 'size_t' to 'short', possible loss of data
C:\Users\NOBEL\Desktop\BankSystem\clsString.h(328,30): warning C4267: '=': conversion from 'size_t' to 'short', possible loss of data
C:\Users\NOBEL\Desktop\BankSystem\clsString.h(376,22): warning C4267: 'initializing': conversion from 'size_t' to 'short', possible loss of data
C:\Users\NOBEL\Desktop\BankSystem\clsString.h(521,19): warning C4267: 'initializing': conversion from 'size_t' to 'short', possible loss of data
C:\Users\NOBEL\Desktop\BankSystem\clsString.h(526,26): warning C4267: '=': conversion from 'size_t' to 'short', possible loss of data
C:\Users\NOBEL\Desktop\BankSystem\clsUtil.h(70,5): warning C4102: 'defualt': unreferenced label
C:\Users\NOBEL\Desktop\BankSystem\clsUser.h(194,5): warning C4240: nonstandard extension used: access to 'clsUser::stLoginRegisterRecord' now defined to be 'public', previously it was defined to be 'private'
C:\Users\NOBEL\Desktop\BankSystem\clsUser.h(25,12): message : see declaration of 'clsUser::stLoginRegisterRecord'
C:\Users\NOBEL\Desktop\BankSystem\clsBankClient.h(207,5): warning C4240: nonstandard extension used: access to 'clsBankClient::stTrnsferLogRecord' now defined to be 'public', previously it was defined to be 'private'
C:\Users\NOBEL\Desktop\BankSystem\clsBankClient.h(152,12): message : see declaration of 'clsBankClient::stTrnsferLogRecord'
C:\Users\NOBEL\Desktop\BankSystem\clsBankClient.h(28,65): warning C4244: 'argument': conversion from 'double' to 'float', possible loss of data
C:\Users\NOBEL\Desktop\BankSystem\clsBankClient.h(162,39): warning C4244: '=': conversion from 'double' to 'float', possible loss of data
C:\Users\NOBEL\Desktop\BankSystem\clsBankClient.h(163,48): warning C4244: '=': conversion from 'double' to 'float', possible loss of data
C:\Users\NOBEL\Desktop\BankSystem\clsBankClient.h(164,49): warning C4244: '=': conversion from 'double' to 'float', possible loss of data
C:\Users\NOBEL\Desktop\BankSystem\clsBankClient.h(421,28): warning C4244: '+=': conversion from 'double' to 'float', possible loss of data
C:\Users\NOBEL\Desktop\BankSystem\clsBankClient.h(434,32): warning C4244: '-=': conversion from 'double' to 'float', possible loss of data
C:\Users\NOBEL\Desktop\BankSystem\clsTotalBalancesScreen.h(57,82): warning C4244: 'argument': conversion from 'double' to 'int', possible loss of data
C:\Users\NOBEL\Desktop\BankSystem\clsTransferScreen.h(47,53): warning C4244: '=': conversion from 'double' to 'float', possible loss of data
C:\Users\NOBEL\Desktop\BankSystem\clsCurrency.h(27,17): warning C4244: 'argument': conversion from 'double' to 'float', possible loss of data
C:\Users\NOBEL\Desktop\BankSystem\clsBankClient.h(376): warning C4715: 'clsBankClient::Save': not all control paths return a value
C:\Users\NOBEL\Desktop\BankSystem\clsBankClient.h(438): warning C4715: 'clsBankClient::Withdraw': not all control paths return a value
C:\Users\NOBEL\Desktop\BankSystem\clsUser.h(351): warning C4715: 'clsUser::Save': not all control paths return a value
  BankSystem.vcxproj -> C:\Users\NOBEL\Desktop\BankSystem\x64\Debug\BankSystem.exe
